<?xml version="1.0" encoding="UTF-8"?>
<testng-results ignored="0" total="1" passed="1" failed="0" skipped="0">
  <reporter-output>
  </reporter-output>
  <suite started-at="2018-02-04T12:29:04Z" name="Default suite" finished-at="2018-02-04T12:29:13Z" duration-ms="9545">
    <groups>
    </groups>
    <test started-at="2018-02-04T12:29:04Z" name="Default test" finished-at="2018-02-04T12:29:13Z" duration-ms="9545">
      <class name="firstTest">
        <test-method signature="verifyGooglePage()[pri:0, instance:firstTest@3232a28a]" started-at="2018-02-04T12:29:04Z" name="verifyGooglePage" finished-at="2018-02-04T12:29:13Z" duration-ms="9502" status="PASS">
          <reporter-output>
          </reporter-output>
        </test-method> <!-- verifyGooglePage -->
      </class> <!-- firstTest -->
    </test> <!-- Default test -->
  </suite> <!-- Default suite -->
</testng-results>
